Started GET "/" for 127.0.0.1 at 2023-01-08 23:42:46 +0700
Processing by Rails::WelcomeController#index as HTML
  Rendering C:/Ruby31-x64/lib/ruby/gems/3.1.0/gems/railties-7.0.4/lib/rails/templates/rails/welcome/index.html.erb
  Rendered C:/Ruby31-x64/lib/ruby/gems/3.1.0/gems/railties-7.0.4/lib/rails/templates/rails/welcome/index.html.erb (Duration: 2.6ms | Allocations: 631)
Completed 200 OK in 33ms (Views: 11.8ms | ActiveRecord: 0.0ms | Allocations: 5174)


  [1m[35m (2.5ms)[0m  [1m[35mCREATE TABLE "schema_migrations" ("version" varchar NOT NULL PRIMARY KEY)[0m
  [1m[35m (1.7ms)[0m  [1m[35mCREATE TABLE "ar_internal_metadata" ("key" varchar NOT NULL PRIMARY KEY, "value" varchar, "created_at" datetime(6) NOT NULL, "updated_at" datetime(6) NOT NULL)[0m
  [1m[36mActiveRecord::SchemaMigration Pluck (0.1ms)[0m  [1m[34mSELECT "schema_migrations"."version" FROM "schema_migrations" ORDER BY "schema_migrations"."version" ASC[0m
Migrating to CreateBooks (20230108164916)
  [1m[36mTRANSACTION (0.0ms)[0m  [1m[36mbegin transaction[0m
  [1m[35m (0.5ms)[0m  [1m[35mCREATE TABLE "books" ("id" integer PRIMARY KEY AUTOINCREMENT NOT NULL, "title" varchar, "number_of_pages" integer, "created_at" datetime(6) NOT NULL, "updated_at" datetime(6) NOT NULL)[0m
  [1m[36mActiveRecord::SchemaMigration Create (0.1ms)[0m  [1m[32mINSERT INTO "schema_migrations" ("version") VALUES (?)[0m  [["version", "20230108164916"]]
  [1m[36mTRANSACTION (1.4ms)[0m  [1m[36mcommit transaction[0m
  [1m[36mActiveRecord::InternalMetadata Load (0.1ms)[0m  [1m[34mSELECT "ar_internal_metadata".* FROM "ar_internal_metadata" WHERE "ar_internal_metadata"."key" = ? LIMIT ?[0m  [["key", "environment"], ["LIMIT", 1]]
  [1m[36mTRANSACTION (0.0ms)[0m  [1m[36mbegin transaction[0m
  [1m[36mActiveRecord::InternalMetadata Create (0.5ms)[0m  [1m[32mINSERT INTO "ar_internal_metadata" ("key", "value", "created_at", "updated_at") VALUES (?, ?, ?, ?)[0m  [["key", "environment"], ["value", "development"], ["created_at", "2023-01-08 16:57:55.824606"], ["updated_at", "2023-01-08 16:57:55.824606"]]
  [1m[36mTRANSACTION (1.4ms)[0m  [1m[36mcommit transaction[0m
  [1m[36mActiveRecord::SchemaMigration Pluck (0.1ms)[0m  [1m[34mSELECT "schema_migrations"."version" FROM "schema_migrations" ORDER BY "schema_migrations"."version" ASC[0m
Started GET "/" for 127.0.0.1 at 2023-01-08 23:58:26 +0700
  [1m[36mActiveRecord::SchemaMigration Pluck (0.2ms)[0m  [1m[34mSELECT "schema_migrations"."version" FROM "schema_migrations" ORDER BY "schema_migrations"."version" ASC[0m
Processing by Rails::WelcomeController#index as HTML
  Rendering C:/Ruby31-x64/lib/ruby/gems/3.1.0/gems/railties-7.0.4/lib/rails/templates/rails/welcome/index.html.erb
  Rendered C:/Ruby31-x64/lib/ruby/gems/3.1.0/gems/railties-7.0.4/lib/rails/templates/rails/welcome/index.html.erb (Duration: 1.4ms | Allocations: 502)
Completed 200 OK in 17ms (Views: 5.3ms | ActiveRecord: 0.0ms | Allocations: 3606)


Started GET "/books" for 127.0.0.1 at 2023-01-08 23:58:37 +0700
Processing by BooksController#index as HTML
  Rendering layout layouts/application.html.erb
  Rendering books/index.html.erb within layouts/application
  [1m[36mBook Load (0.2ms)[0m  [1m[34mSELECT "books".* FROM "books"[0m
  ↳ app/views/books/index.html.erb:6
  Rendered books/index.html.erb within layouts/application (Duration: 3.3ms | Allocations: 1398)
  Rendered layout layouts/application.html.erb (Duration: 234.9ms | Allocations: 87168)
Completed 500 Internal Server Error in 244ms (ActiveRecord: 0.2ms | Allocations: 89034)


  
ActionView::Template::Error (Permission denied @ rb_file_s_rename - (C:/Data/Ruby/it_nihongo3_rails/tmp/cache/assets/sprockets/v4.0.0/xb/xb2bQVbKZEwsSJ9Hux_PyqycRmnz7wSy-ZD842iS414.cache.23340.17012.181501, C:/Data/Ruby/it_nihongo3_rails/tmp/cache/assets/sprockets/v4.0.0/xb/xb2bQVbKZEwsSJ9Hux_PyqycRmnz7wSy-ZD842iS414.cache)):
  
sprockets (4.2.0) lib/sprockets/path_utils.rb:362:in `rename'
sprockets (4.2.0) lib/sprockets/path_utils.rb:362:in `atomic_write'
sprockets (4.2.0) lib/sprockets/cache/file_store.rb:112:in `set'
sprockets (4.2.0) lib/sprockets/cache.rb:227:in `set'
sprockets (4.2.0) lib/sprockets/cache.rb:143:in `set'
sprockets (4.2.0) lib/sprockets/loader.rb:263:in `store_asset'
sprockets (4.2.0) lib/sprockets/loader.rb:226:in `load_from_unloaded'
sprockets (4.2.0) lib/sprockets/loader.rb:59:in `block in load'
sprockets (4.2.0) lib/sprockets/loader.rb:337:in `fetch_asset_from_dependency_cache'
sprockets (4.2.0) lib/sprockets/loader.rb:43:in `load'
sprockets (4.2.0) lib/sprockets/cached_environment.rb:44:in `block in load'
concurrent-ruby (1.1.10) lib/concurrent-ruby/concurrent/map.rb:203:in `block in fetch_or_store'
concurrent-ruby (1.1.10) lib/concurrent-ruby/concurrent/map.rb:182:in `fetch'
concurrent-ruby (1.1.10) lib/concurrent-ruby/concurrent/map.rb:202:in `fetch_or_store'
sprockets (4.2.0) lib/sprockets/cached_environment.rb:44:in `load'
sprockets (4.2.0) lib/sprockets/bundle.rb:27:in `call'
sprockets (4.2.0) lib/sprockets/processor_utils.rb:84:in `call_processor'
sprockets (4.2.0) lib/sprockets/processor_utils.rb:66:in `block in call_processors'
sprockets (4.2.0) lib/sprockets/processor_utils.rb:65:in `reverse_each'
sprockets (4.2.0) lib/sprockets/processor_utils.rb:65:in `call_processors'
sprockets (4.2.0) lib/sprockets/loader.rb:182:in `load_from_unloaded'
sprockets (4.2.0) lib/sprockets/loader.rb:59:in `block in load'
sprockets (4.2.0) lib/sprockets/loader.rb:337:in `fetch_asset_from_dependency_cache'
sprockets (4.2.0) lib/sprockets/loader.rb:43:in `load'
sprockets (4.2.0) lib/sprockets/cached_environment.rb:44:in `block in load'
concurrent-ruby (1.1.10) lib/concurrent-ruby/concurrent/map.rb:203:in `block in fetch_or_store'
concurrent-ruby (1.1.10) lib/concurrent-ruby/concurrent/map.rb:182:in `fetch'
concurrent-ruby (1.1.10) lib/concurrent-ruby/concurrent/map.rb:202:in `fetch_or_store'
sprockets (4.2.0) lib/sprockets/cached_environment.rb:44:in `load'
sprockets (4.2.0) lib/sprockets/bundle.rb:32:in `block in call'
C:/Ruby31-x64/lib/ruby/3.1.0/set.rb:511:in `each_key'
C:/Ruby31-x64/lib/ruby/3.1.0/set.rb:511:in `each'
sprockets (4.2.0) lib/sprockets/bundle.rb:31:in `call'
sprockets (4.2.0) lib/sprockets/processor_utils.rb:84:in `call_processor'
sprockets (4.2.0) lib/sprockets/processor_utils.rb:66:in `block in call_processors'
sprockets (4.2.0) lib/sprockets/processor_utils.rb:65:in `reverse_each'
sprockets (4.2.0) lib/sprockets/processor_utils.rb:65:in `call_processors'
sprockets (4.2.0) lib/sprockets/loader.rb:182:in `load_from_unloaded'
sprockets (4.2.0) lib/sprockets/loader.rb:59:in `block in load'
sprockets (4.2.0) lib/sprockets/loader.rb:337:in `fetch_asset_from_dependency_cache'
sprockets (4.2.0) lib/sprockets/loader.rb:43:in `load'
sprockets (4.2.0) lib/sprockets/cached_environment.rb:44:in `block in load'
concurrent-ruby (1.1.10) lib/concurrent-ruby/concurrent/map.rb:203:in `block in fetch_or_store'
concurrent-ruby (1.1.10) lib/concurrent-ruby/concurrent/map.rb:182:in `fetch'
concurrent-ruby (1.1.10) lib/concurrent-ruby/concurrent/map.rb:202:in `fetch_or_store'
sprockets (4.2.0) lib/sprockets/cached_environment.rb:44:in `load'
sprockets (4.2.0) lib/sprockets/base.rb:81:in `find_asset'
sprockets (4.2.0) lib/sprockets/base.rb:88:in `find_all_linked_assets'
sprockets (4.2.0) lib/sprockets/manifest.rb:125:in `each'
sprockets (4.2.0) lib/sprockets/manifest.rb:125:in `to_a'
sprockets (4.2.0) lib/sprockets/manifest.rb:125:in `block (2 levels) in find'
concurrent-ruby (1.1.10) lib/concurrent-ruby/concurrent/executor/safe_task_executor.rb:24:in `block in execute'
concurrent-ruby (1.1.10) lib/concurrent-ruby/concurrent/synchronization/mutex_lockable_object.rb:47:in `block in synchronize'
concurrent-ruby (1.1.10) lib/concurrent-ruby/concurrent/synchronization/mutex_lockable_object.rb:47:in `synchronize'
concurrent-ruby (1.1.10) lib/concurrent-ruby/concurrent/synchronization/mutex_lockable_object.rb:47:in `synchronize'
concurrent-ruby (1.1.10) lib/concurrent-ruby/concurrent/executor/safe_task_executor.rb:22:in `execute'
concurrent-ruby (1.1.10) lib/concurrent-ruby/concurrent/promise.rb:564:in `block in realize'
concurrent-ruby (1.1.10) lib/concurrent-ruby/concurrent/executor/ruby_thread_pool_executor.rb:352:in `run_task'
concurrent-ruby (1.1.10) lib/concurrent-ruby/concurrent/executor/ruby_thread_pool_executor.rb:343:in `block (3 levels) in create_worker'
concurrent-ruby (1.1.10) lib/concurrent-ruby/concurrent/executor/ruby_thread_pool_executor.rb:334:in `loop'
concurrent-ruby (1.1.10) lib/concurrent-ruby/concurrent/executor/ruby_thread_pool_executor.rb:334:in `block (2 levels) in create_worker'
concurrent-ruby (1.1.10) lib/concurrent-ruby/concurrent/executor/ruby_thread_pool_executor.rb:333:in `catch'
concurrent-ruby (1.1.10) lib/concurrent-ruby/concurrent/executor/ruby_thread_pool_executor.rb:333:in `block in create_worker'
Started GET "/books" for 127.0.0.1 at 2023-01-09 00:00:28 +0700
Processing by BooksController#index as HTML
  Rendering layout layouts/application.html.erb
  Rendering books/index.html.erb within layouts/application
  [1m[36mBook Load (0.1ms)[0m  [1m[34mSELECT "books".* FROM "books"[0m
  ↳ app/views/books/index.html.erb:6
  Rendered books/index.html.erb within layouts/application (Duration: 1.5ms | Allocations: 797)
  Rendered layout layouts/application.html.erb (Duration: 58.3ms | Allocations: 34431)
Completed 200 OK in 60ms (Views: 58.9ms | ActiveRecord: 0.1ms | Allocations: 34784)


Started GET "/books/new" for 127.0.0.1 at 2023-01-09 00:00:32 +0700
Processing by BooksController#new as HTML
  Rendering layout layouts/application.html.erb
  Rendering books/new.html.erb within layouts/application
  Rendered books/_form.html.erb (Duration: 31.5ms | Allocations: 5177)
  Rendered books/new.html.erb within layouts/application (Duration: 32.9ms | Allocations: 5495)
  Rendered layout layouts/application.html.erb (Duration: 37.5ms | Allocations: 7907)
Completed 200 OK in 101ms (Views: 38.2ms | ActiveRecord: 0.6ms | Allocations: 17969)


Started POST "/books" for 127.0.0.1 at 2023-01-09 00:00:37 +0700
Processing by BooksController#create as HTML
  Parameters: {"authenticity_token"=>"[FILTERED]", "book"=>{"title"=>"thúy hư", "number_of_pages"=>"2"}, "commit"=>"Create Book"}
  [1m[36mTRANSACTION (0.1ms)[0m  [1m[36mbegin transaction[0m
  ↳ app/controllers/books_controller.rb:27:in `block in create'
  [1m[36mBook Create (0.7ms)[0m  [1m[32mINSERT INTO "books" ("title", "number_of_pages", "created_at", "updated_at") VALUES (?, ?, ?, ?)[0m  [["title", "thúy hư"], ["number_of_pages", 2], ["created_at", "2023-01-08 17:00:37.202180"], ["updated_at", "2023-01-08 17:00:37.202180"]]
  ↳ app/controllers/books_controller.rb:27:in `block in create'
  [1m[36mTRANSACTION (1.7ms)[0m  [1m[36mcommit transaction[0m
  ↳ app/controllers/books_controller.rb:27:in `block in create'
Redirected to http://127.0.0.1:3000/books/1
Completed 302 Found in 9ms (ActiveRecord: 2.4ms | Allocations: 3831)


Started GET "/books/1" for 127.0.0.1 at 2023-01-09 00:00:37 +0700
Processing by BooksController#show as HTML
  Parameters: {"id"=>"1"}
  [1m[36mBook Load (0.2ms)[0m  [1m[34mSELECT "books".* FROM "books" WHERE "books"."id" = ? LIMIT ?[0m  [["id", 1], ["LIMIT", 1]]
  ↳ app/controllers/books_controller.rb:63:in `set_book'
  Rendering layout layouts/application.html.erb
  Rendering books/show.html.erb within layouts/application
  Rendered books/_book.html.erb (Duration: 0.4ms | Allocations: 201)
  Rendered books/show.html.erb within layouts/application (Duration: 5.2ms | Allocations: 1560)
  Rendered layout layouts/application.html.erb (Duration: 9.8ms | Allocations: 3954)
Completed 200 OK in 16ms (Views: 10.5ms | ActiveRecord: 0.2ms | Allocations: 6743)


Started DELETE "/books/1" for 127.0.0.1 at 2023-01-09 00:00:39 +0700
Processing by BooksController#destroy as HTML
  Parameters: {"authenticity_token"=>"[FILTERED]", "id"=>"1"}
  [1m[36mBook Load (0.2ms)[0m  [1m[34mSELECT "books".* FROM "books" WHERE "books"."id" = ? LIMIT ?[0m  [["id", 1], ["LIMIT", 1]]
  ↳ app/controllers/books_controller.rb:63:in `set_book'
  [1m[36mTRANSACTION (0.1ms)[0m  [1m[36mbegin transaction[0m
  ↳ app/controllers/books_controller.rb:52:in `destroy'
  [1m[36mBook Destroy (8.4ms)[0m  [1m[31mDELETE FROM "books" WHERE "books"."id" = ?[0m  [["id", 1]]
  ↳ app/controllers/books_controller.rb:52:in `destroy'
  [1m[36mTRANSACTION (1.8ms)[0m  [1m[36mcommit transaction[0m
  ↳ app/controllers/books_controller.rb:52:in `destroy'
Redirected to http://127.0.0.1:3000/books
Completed 302 Found in 16ms (ActiveRecord: 10.4ms | Allocations: 2628)


Started GET "/books" for 127.0.0.1 at 2023-01-09 00:00:39 +0700
Processing by BooksController#index as HTML
  Rendering layout layouts/application.html.erb
  Rendering books/index.html.erb within layouts/application
  [1m[36mBook Load (0.2ms)[0m  [1m[34mSELECT "books".* FROM "books"[0m
  ↳ app/views/books/index.html.erb:6
  Rendered books/index.html.erb within layouts/application (Duration: 1.5ms | Allocations: 820)
  Rendered layout layouts/application.html.erb (Duration: 6.0ms | Allocations: 3106)
Completed 200 OK in 8ms (Views: 6.4ms | ActiveRecord: 0.2ms | Allocations: 3421)


Started GET "/books/new" for 127.0.0.1 at 2023-01-09 00:00:40 +0700
Processing by BooksController#new as HTML
  Rendering layout layouts/application.html.erb
  Rendering books/new.html.erb within layouts/application
  Rendered books/_form.html.erb (Duration: 2.0ms | Allocations: 1091)
  Rendered books/new.html.erb within layouts/application (Duration: 2.3ms | Allocations: 1181)
  Rendered layout layouts/application.html.erb (Duration: 7.1ms | Allocations: 3479)
Completed 200 OK in 9ms (Views: 7.7ms | ActiveRecord: 0.0ms | Allocations: 3782)


Started POST "/books" for 127.0.0.1 at 2023-01-09 00:00:47 +0700
Processing by BooksController#create as HTML
  Parameters: {"authenticity_token"=>"[FILTERED]", "book"=>{"title"=>"tùng ngoan", "number_of_pages"=>"2"}, "commit"=>"Create Book"}
  [1m[36mTRANSACTION (0.0ms)[0m  [1m[36mbegin transaction[0m
  ↳ app/controllers/books_controller.rb:27:in `block in create'
  [1m[36mBook Create (0.6ms)[0m  [1m[32mINSERT INTO "books" ("title", "number_of_pages", "created_at", "updated_at") VALUES (?, ?, ?, ?)[0m  [["title", "tùng ngoan"], ["number_of_pages", 2], ["created_at", "2023-01-08 17:00:47.309848"], ["updated_at", "2023-01-08 17:00:47.309848"]]
  ↳ app/controllers/books_controller.rb:27:in `block in create'
  [1m[36mTRANSACTION (1.5ms)[0m  [1m[36mcommit transaction[0m
  ↳ app/controllers/books_controller.rb:27:in `block in create'
Redirected to http://127.0.0.1:3000/books/2
Completed 302 Found in 8ms (ActiveRecord: 2.1ms | Allocations: 2331)


Started GET "/books/2" for 127.0.0.1 at 2023-01-09 00:00:47 +0700
Processing by BooksController#show as HTML
  Parameters: {"id"=>"2"}
  [1m[36mBook Load (0.1ms)[0m  [1m[34mSELECT "books".* FROM "books" WHERE "books"."id" = ? LIMIT ?[0m  [["id", 2], ["LIMIT", 1]]
  ↳ app/controllers/books_controller.rb:63:in `set_book'
  Rendering layout layouts/application.html.erb
  Rendering books/show.html.erb within layouts/application
  Rendered books/_book.html.erb (Duration: 0.1ms | Allocations: 19)
  Rendered books/show.html.erb within layouts/application (Duration: 0.9ms | Allocations: 609)
  Rendered layout layouts/application.html.erb (Duration: 5.4ms | Allocations: 2886)
Completed 200 OK in 9ms (Views: 5.9ms | ActiveRecord: 0.1ms | Allocations: 3633)


Started GET "/books" for 127.0.0.1 at 2023-01-09 00:00:48 +0700
Processing by BooksController#index as HTML
  Rendering layout layouts/application.html.erb
  Rendering books/index.html.erb within layouts/application
  [1m[36mBook Load (0.1ms)[0m  [1m[34mSELECT "books".* FROM "books"[0m
  ↳ app/views/books/index.html.erb:6
  Rendered books/_book.html.erb (Duration: 0.1ms | Allocations: 19)
  Rendered books/index.html.erb within layouts/application (Duration: 2.0ms | Allocations: 900)
  Rendered layout layouts/application.html.erb (Duration: 6.6ms | Allocations: 3185)
Completed 200 OK in 9ms (Views: 7.1ms | ActiveRecord: 0.1ms | Allocations: 3472)


Started GET "/books/2" for 127.0.0.1 at 2023-01-09 00:00:49 +0700
Processing by BooksController#show as HTML
  Parameters: {"id"=>"2"}
  [1m[36mBook Load (0.2ms)[0m  [1m[34mSELECT "books".* FROM "books" WHERE "books"."id" = ? LIMIT ?[0m  [["id", 2], ["LIMIT", 1]]
  ↳ app/controllers/books_controller.rb:63:in `set_book'
  Rendering layout layouts/application.html.erb
  Rendering books/show.html.erb within layouts/application
  Rendered books/_book.html.erb (Duration: 0.1ms | Allocations: 19)
  Rendered books/show.html.erb within layouts/application (Duration: 0.9ms | Allocations: 576)
  Rendered layout layouts/application.html.erb (Duration: 5.4ms | Allocations: 2853)
Completed 200 OK in 8ms (Views: 5.9ms | ActiveRecord: 0.2ms | Allocations: 3600)


Started GET "/books" for 127.0.0.1 at 2023-01-09 00:00:52 +0700
Processing by BooksController#index as HTML
  Rendering layout layouts/application.html.erb
  Rendering books/index.html.erb within layouts/application
  [1m[36mBook Load (0.2ms)[0m  [1m[34mSELECT "books".* FROM "books"[0m
  ↳ app/views/books/index.html.erb:6
  Rendered books/_book.html.erb (Duration: 0.1ms | Allocations: 19)
  Rendered books/index.html.erb within layouts/application (Duration: 2.2ms | Allocations: 902)
  Rendered layout layouts/application.html.erb (Duration: 6.8ms | Allocations: 3187)
Completed 200 OK in 9ms (Views: 7.2ms | ActiveRecord: 0.2ms | Allocations: 3474)


Started GET "/books/new" for 127.0.0.1 at 2023-01-09 00:00:54 +0700
Processing by BooksController#new as HTML
  Rendering layout layouts/application.html.erb
  Rendering books/new.html.erb within layouts/application
  Rendered books/_form.html.erb (Duration: 1.3ms | Allocations: 1025)
  Rendered books/new.html.erb within layouts/application (Duration: 1.7ms | Allocations: 1112)
  Rendered layout layouts/application.html.erb (Duration: 6.2ms | Allocations: 3397)
Completed 200 OK in 8ms (Views: 6.8ms | ActiveRecord: 0.0ms | Allocations: 3686)


Started POST "/books" for 127.0.0.1 at 2023-01-09 00:00:56 +0700
Processing by BooksController#create as HTML
  Parameters: {"authenticity_token"=>"[FILTERED]", "book"=>{"title"=>"thúy hư", "number_of_pages"=>"2"}, "commit"=>"Create Book"}
  [1m[36mTRANSACTION (0.0ms)[0m  [1m[36mbegin transaction[0m
  ↳ app/controllers/books_controller.rb:27:in `block in create'
  [1m[36mBook Create (0.6ms)[0m  [1m[32mINSERT INTO "books" ("title", "number_of_pages", "created_at", "updated_at") VALUES (?, ?, ?, ?)[0m  [["title", "thúy hư"], ["number_of_pages", 2], ["created_at", "2023-01-08 17:00:56.939093"], ["updated_at", "2023-01-08 17:00:56.939093"]]
  ↳ app/controllers/books_controller.rb:27:in `block in create'
  [1m[36mTRANSACTION (1.3ms)[0m  [1m[36mcommit transaction[0m
  ↳ app/controllers/books_controller.rb:27:in `block in create'
Redirected to http://127.0.0.1:3000/books/3
Completed 302 Found in 7ms (ActiveRecord: 1.9ms | Allocations: 2266)


Started GET "/books/3" for 127.0.0.1 at 2023-01-09 00:00:56 +0700
Processing by BooksController#show as HTML
  Parameters: {"id"=>"3"}
  [1m[36mBook Load (0.1ms)[0m  [1m[34mSELECT "books".* FROM "books" WHERE "books"."id" = ? LIMIT ?[0m  [["id", 3], ["LIMIT", 1]]
  ↳ app/controllers/books_controller.rb:63:in `set_book'
  Rendering layout layouts/application.html.erb
  Rendering books/show.html.erb within layouts/application
  Rendered books/_book.html.erb (Duration: 0.1ms | Allocations: 19)
  Rendered books/show.html.erb within layouts/application (Duration: 1.0ms | Allocations: 597)
  Rendered layout layouts/application.html.erb (Duration: 5.4ms | Allocations: 2874)
Completed 200 OK in 8ms (Views: 6.0ms | ActiveRecord: 0.1ms | Allocations: 3621)


Started GET "/books" for 127.0.0.1 at 2023-01-09 00:00:58 +0700
Processing by BooksController#index as HTML
  Rendering layout layouts/application.html.erb
  Rendering books/index.html.erb within layouts/application
  [1m[36mBook Load (0.4ms)[0m  [1m[34mSELECT "books".* FROM "books"[0m
  ↳ app/views/books/index.html.erb:6
  Rendered books/_book.html.erb (Duration: 0.1ms | Allocations: 19)
  Rendered books/_book.html.erb (Duration: 0.0ms | Allocations: 18)
  Rendered books/index.html.erb within layouts/application (Duration: 2.3ms | Allocations: 1041)
  Rendered layout layouts/application.html.erb (Duration: 6.7ms | Allocations: 3330)
Completed 200 OK in 9ms (Views: 6.9ms | ActiveRecord: 0.4ms | Allocations: 3617)


